<?xml version="1.0" encoding="UTF-8"?>
<!-- Generated by org.testng.reporters.JUnitReportReporter -->
<testsuite name="com.robot.frameowrk.TestDemoStore.NewTest1" tests="1" time="23.319" ignored="1" failures="0" timestamp="10 Mar 2017 09:15:36 GMT" skipped="0" hostname="U3-DPE-CPB-0153" errors="0">
  <testcase name="Test1" time="23.319" classname="com.robot.frameowrk.TestDemoStore.NewTest1"/>
  <testcase name="Test2" classname="com.robot.frameowrk.TestDemoStore.NewTest1">
    <skipped/>
  </testcase> <!-- Test2 -->
</testsuite> <!-- com.robot.frameowrk.TestDemoStore.NewTest1 -->
